Vivado Simulator 2019.1
Copyright 1986-1999, 2001-2019 Xilinx, Inc. All Rights Reserved.
Running: /opt/Xilinx/Vivado/2019.1/bin/unwrapped/lnx64.o/xelab -wto b22b345e64904653b2220652a4abac0c --incr --debug typical --relax --mt 8 -L xil_defaultlib -L unisims_ver -L unimacro_ver -L secureip --snapshot pbit_tb_behav xil_defaultlib.pbit_tb xil_defaultlib.glbl -log elaborate.log 
Using 8 slave threads.
Starting static elaboration
Completed static elaboration
Starting simulation data flow analysis
Completed simulation data flow analysis
Time Resolution for simulation is 1ps
Compiling module xil_defaultlib.LFSR(INIT=32'b011101110011010110...
Compiling module xil_defaultlib.tanh_LUT
Compiling module xil_defaultlib.pbit(INIT=32'b011101110011010110...
Compiling module xil_defaultlib.LFSR(INIT=32'b011101110011010110...
Compiling module xil_defaultlib.pbit(INIT=32'b011101110011010110...
Compiling module xil_defaultlib.LFSR(INIT=32'b101100101101000001...
Compiling module xil_defaultlib.pbit(INIT=32'b101100101101000001...
Compiling module xil_defaultlib.LFSR
Compiling module xil_defaultlib.pbit
Compiling module xil_defaultlib.LFSR(INIT=32'b01101111000101110)
Compiling module xil_defaultlib.pbit(INIT=32'b01101111000101110)
Compiling module xil_defaultlib.qmult(Q=2,N=7)
Compiling module xil_defaultlib.qadd(Q=2,N=7)
Compiling module xil_defaultlib.Top_level_default
Compiling module xil_defaultlib.pbit_tb
Compiling module xil_defaultlib.glbl
Built simulation snapshot pbit_tb_behav
